2025-12-07 13:31:32 | INFO | walk_forward_engine_hybrid_BTC | ===== WALK-FORWARD BACKTEST ENGINE (HYBRID STRATEGY - BTC) STARTED =====
2025-12-07 13:31:32 | INFO | walk_forward_engine_hybrid_BTC | Loaded features: (3794, 25)
2025-12-07 13:31:32 | INFO | walk_forward_engine_hybrid_BTC | Detected 17 feature columns for BTC-USD
2025-12-07 13:31:32 | INFO | walk_forward_engine_hybrid_BTC | Starting walk-forward. total samples: 3794
2025-12-07 13:31:32 | INFO | walk_forward_engine_hybrid_BTC | Trained new global model at idx 749, retrain forced=False, regime_changed=False
2025-12-07 13:31:32 | INFO | walk_forward_engine_hybrid_BTC | Trained new global model at idx 787, retrain forced=True, regime_changed=True
2025-12-07 13:31:32 | INFO | walk_forward_engine_hybrid_BTC | Trained new global model at idx 793, retrain forced=True, regime_changed=True
2025-12-07 13:31:32 | INFO | walk_forward_engine_hybrid_BTC | Trained new global model at idx 845, retrain forced=True, regime_changed=True
2025-12-07 13:31:33 | INFO | walk_forward_engine_hybrid_BTC | Trained new global model at idx 852, retrain forced=True, regime_changed=True
2025-12-07 13:31:33 | INFO | walk_forward_engine_hybrid_BTC | Trained new global model at idx 871, retrain forced=True, regime_changed=True
2025-12-07 13:31:33 | INFO | walk_forward_engine_hybrid_BTC | Trained new global model at idx 950, retrain forced=True, regime_changed=True
2025-12-07 13:31:33 | INFO | walk_forward_engine_hybrid_BTC | Trained new global model at idx 1147, retrain forced=True, regime_changed=True
2025-12-07 13:31:33 | INFO | walk_forward_engine_hybrid_BTC | Trained new global model at idx 1148, retrain forced=True, regime_changed=True
2025-12-07 13:31:34 | INFO | walk_forward_engine_hybrid_BTC | Trained new global model at idx 1156, retrain forced=True, regime_changed=True
2025-12-07 13:31:34 | INFO | walk_forward_engine_hybrid_BTC | Trained new global model at idx 1157, retrain forced=True, regime_changed=True
2025-12-07 13:31:34 | INFO | walk_forward_engine_hybrid_BTC | Trained new global model at idx 1160, retrain forced=True, regime_changed=True
2025-12-07 13:31:34 | INFO | walk_forward_engine_hybrid_BTC | Trained new global model at idx 1161, retrain forced=True, regime_changed=True
2025-12-07 13:31:34 | INFO | walk_forward_engine_hybrid_BTC | Trained new global model at idx 1180, retrain forced=True, regime_changed=True
2025-12-07 13:31:34 | INFO | walk_forward_engine_hybrid_BTC | Trained new global model at idx 1181, retrain forced=True, regime_changed=True
2025-12-07 13:31:34 | INFO | walk_forward_engine_hybrid_BTC | Trained new global model at idx 1184, retrain forced=True, regime_changed=True
2025-12-07 13:31:34 | INFO | walk_forward_engine_hybrid_BTC | Trained new global model at idx 1185, retrain forced=True, regime_changed=True
2025-12-07 13:31:34 | INFO | walk_forward_engine_hybrid_BTC | Trained new global model at idx 1214, retrain forced=True, regime_changed=True
2025-12-07 13:31:35 | INFO | walk_forward_engine_hybrid_BTC | Trained new global model at idx 1215, retrain forced=True, regime_changed=True
2025-12-07 13:31:35 | INFO | walk_forward_engine_hybrid_BTC | Trained new global model at idx 1219, retrain forced=True, regime_changed=True
2025-12-07 13:31:35 | INFO | walk_forward_engine_hybrid_BTC | Trained new global model at idx 1229, retrain forced=True, regime_changed=True
2025-12-07 13:31:35 | INFO | walk_forward_engine_hybrid_BTC | Trained new global model at idx 1276, retrain forced=True, regime_changed=True
2025-12-07 13:31:35 | INFO | walk_forward_engine_hybrid_BTC | Trained new global model at idx 1277, retrain forced=True, regime_changed=True
2025-12-07 13:31:35 | INFO | walk_forward_engine_hybrid_BTC | Trained new global model at idx 1281, retrain forced=True, regime_changed=True
2025-12-07 13:31:35 | INFO | walk_forward_engine_hybrid_BTC | Trained new global model at idx 1282, retrain forced=True, regime_changed=True
2025-12-07 13:31:35 | INFO | walk_forward_engine_hybrid_BTC | Trained new global model at idx 1289, retrain forced=True, regime_changed=True
2025-12-07 13:31:36 | INFO | walk_forward_engine_hybrid_BTC | Trained new global model at idx 1290, retrain forced=True, regime_changed=True
2025-12-07 13:31:36 | INFO | walk_forward_engine_hybrid_BTC | Trained new global model at idx 1300, retrain forced=True, regime_changed=True
2025-12-07 13:31:36 | INFO | walk_forward_engine_hybrid_BTC | Trained new global model at idx 1301, retrain forced=True, regime_changed=True
2025-12-07 13:31:36 | INFO | walk_forward_engine_hybrid_BTC | Trained new global model at idx 1310, retrain forced=True, regime_changed=True
2025-12-07 13:31:36 | INFO | walk_forward_engine_hybrid_BTC | Trained new global model at idx 1311, retrain forced=True, regime_changed=True
2025-12-07 13:31:36 | INFO | walk_forward_engine_hybrid_BTC | Trained new global model at idx 1315, retrain forced=True, regime_changed=True
2025-12-07 13:31:36 | INFO | walk_forward_engine_hybrid_BTC | Trained new global model at idx 1317, retrain forced=True, regime_changed=True
2025-12-07 13:31:36 | INFO | walk_forward_engine_hybrid_BTC | Trained new global model at idx 1324, retrain forced=True, regime_changed=True
2025-12-07 13:31:37 | INFO | walk_forward_engine_hybrid_BTC | Trained new global model at idx 1326, retrain forced=True, regime_changed=True
2025-12-07 13:31:37 | INFO | walk_forward_engine_hybrid_BTC | Trained new global model at idx 1353, retrain forced=True, regime_changed=True
2025-12-07 13:31:37 | INFO | walk_forward_engine_hybrid_BTC | Trained new global model at idx 1354, retrain forced=True, regime_changed=True
2025-12-07 13:31:37 | INFO | walk_forward_engine_hybrid_BTC | Trained new global model at idx 1392, retrain forced=True, regime_changed=True
2025-12-07 13:31:37 | INFO | walk_forward_engine_hybrid_BTC | Trained new global model at idx 1401, retrain forced=True, regime_changed=True
2025-12-07 13:31:37 | INFO | walk_forward_engine_hybrid_BTC | Trained new global model at idx 1437, retrain forced=True, regime_changed=True
2025-12-07 13:31:37 | INFO | walk_forward_engine_hybrid_BTC | Trained new global model at idx 1461, retrain forced=True, regime_changed=True
2025-12-07 13:31:38 | INFO | walk_forward_engine_hybrid_BTC | Trained new global model at idx 1507, retrain forced=True, regime_changed=True
2025-12-07 13:31:38 | INFO | walk_forward_engine_hybrid_BTC | Trained new global model at idx 1508, retrain forced=True, regime_changed=True
2025-12-07 13:31:38 | INFO | walk_forward_engine_hybrid_BTC | Trained new global model at idx 1527, retrain forced=True, regime_changed=True
2025-12-07 13:31:38 | INFO | walk_forward_engine_hybrid_BTC | Trained new global model at idx 1529, retrain forced=True, regime_changed=True
2025-12-07 13:31:38 | INFO | walk_forward_engine_hybrid_BTC | Trained new global model at idx 1559, retrain forced=True, regime_changed=True
2025-12-07 13:31:38 | INFO | walk_forward_engine_hybrid_BTC | Trained new global model at idx 1561, retrain forced=True, regime_changed=True
2025-12-07 13:31:38 | INFO | walk_forward_engine_hybrid_BTC | Trained new global model at idx 1698, retrain forced=True, regime_changed=True
2025-12-07 13:31:39 | INFO | walk_forward_engine_hybrid_BTC | Trained new global model at idx 1710, retrain forced=True, regime_changed=True
2025-12-07 13:31:39 | INFO | walk_forward_engine_hybrid_BTC | Trained new global model at idx 1780, retrain forced=True, regime_changed=True
2025-12-07 13:31:39 | INFO | walk_forward_engine_hybrid_BTC | Trained new global model at idx 1781, retrain forced=True, regime_changed=True
2025-12-07 13:31:39 | INFO | walk_forward_engine_hybrid_BTC | Trained new global model at idx 1789, retrain forced=True, regime_changed=True
2025-12-07 13:31:39 | INFO | walk_forward_engine_hybrid_BTC | Trained new global model at idx 1790, retrain forced=True, regime_changed=True
2025-12-07 13:31:39 | INFO | walk_forward_engine_hybrid_BTC | Trained new global model at idx 1800, retrain forced=True, regime_changed=True
2025-12-07 13:31:39 | INFO | walk_forward_engine_hybrid_BTC | Trained new global model at idx 1801, retrain forced=True, regime_changed=True
2025-12-07 13:31:40 | INFO | walk_forward_engine_hybrid_BTC | Trained new global model at idx 1802, retrain forced=True, regime_changed=True
2025-12-07 13:31:40 | INFO | walk_forward_engine_hybrid_BTC | Trained new global model at idx 1803, retrain forced=True, regime_changed=True
2025-12-07 13:31:40 | INFO | walk_forward_engine_hybrid_BTC | Trained new global model at idx 1814, retrain forced=True, regime_changed=True
2025-12-07 13:31:40 | INFO | walk_forward_engine_hybrid_BTC | Trained new global model at idx 1815, retrain forced=True, regime_changed=True
2025-12-07 13:31:40 | INFO | walk_forward_engine_hybrid_BTC | Trained new global model at idx 1834, retrain forced=True, regime_changed=True
2025-12-07 13:31:40 | INFO | walk_forward_engine_hybrid_BTC | Trained new global model at idx 1836, retrain forced=True, regime_changed=True
2025-12-07 13:31:40 | INFO | walk_forward_engine_hybrid_BTC | Trained new global model at idx 1840, retrain forced=True, regime_changed=True
2025-12-07 13:31:40 | INFO | walk_forward_engine_hybrid_BTC | Trained new global model at idx 1842, retrain forced=True, regime_changed=True
2025-12-07 13:31:40 | INFO | walk_forward_engine_hybrid_BTC | Trained new global model at idx 1844, retrain forced=True, regime_changed=True
2025-12-07 13:31:41 | INFO | walk_forward_engine_hybrid_BTC | Trained new global model at idx 1845, retrain forced=True, regime_changed=True
2025-12-07 13:31:41 | INFO | walk_forward_engine_hybrid_BTC | Trained new global model at idx 1850, retrain forced=True, regime_changed=True
2025-12-07 13:31:41 | INFO | walk_forward_engine_hybrid_BTC | Trained new global model at idx 1851, retrain forced=True, regime_changed=True
2025-12-07 13:31:41 | INFO | walk_forward_engine_hybrid_BTC | Trained new global model at idx 1856, retrain forced=True, regime_changed=True
2025-12-07 13:31:41 | INFO | walk_forward_engine_hybrid_BTC | Trained new global model at idx 1858, retrain forced=True, regime_changed=True
2025-12-07 13:31:41 | INFO | walk_forward_engine_hybrid_BTC | Trained new global model at idx 1864, retrain forced=True, regime_changed=True
2025-12-07 13:31:41 | INFO | walk_forward_engine_hybrid_BTC | Trained new global model at idx 1865, retrain forced=True, regime_changed=True
2025-12-07 13:31:41 | INFO | walk_forward_engine_hybrid_BTC | Trained new global model at idx 1871, retrain forced=True, regime_changed=True
2025-12-07 13:31:41 | INFO | walk_forward_engine_hybrid_BTC | Trained new global model at idx 1876, retrain forced=True, regime_changed=True
2025-12-07 13:31:42 | INFO | walk_forward_engine_hybrid_BTC | Trained new global model at idx 1884, retrain forced=True, regime_changed=True
2025-12-07 13:31:42 | INFO | walk_forward_engine_hybrid_BTC | Trained new global model at idx 1885, retrain forced=True, regime_changed=True
2025-12-07 13:31:42 | INFO | walk_forward_engine_hybrid_BTC | Trained new global model at idx 1891, retrain forced=True, regime_changed=True
2025-12-07 13:31:42 | INFO | walk_forward_engine_hybrid_BTC | Trained new global model at idx 1892, retrain forced=True, regime_changed=True
2025-12-07 13:31:42 | INFO | walk_forward_engine_hybrid_BTC | Trained new global model at idx 1893, retrain forced=True, regime_changed=True
2025-12-07 13:31:42 | INFO | walk_forward_engine_hybrid_BTC | Trained new global model at idx 1895, retrain forced=True, regime_changed=True
2025-12-07 13:31:42 | INFO | walk_forward_engine_hybrid_BTC | Trained new global model at idx 1921, retrain forced=True, regime_changed=True
2025-12-07 13:31:42 | INFO | walk_forward_engine_hybrid_BTC | Trained new global model at idx 1922, retrain forced=True, regime_changed=True
2025-12-07 13:31:42 | INFO | walk_forward_engine_hybrid_BTC | Trained new global model at idx 1927, retrain forced=True, regime_changed=True
2025-12-07 13:31:43 | INFO | walk_forward_engine_hybrid_BTC | Trained new global model at idx 1929, retrain forced=True, regime_changed=True
2025-12-07 13:31:43 | INFO | walk_forward_engine_hybrid_BTC | Trained new global model at idx 1936, retrain forced=True, regime_changed=True
2025-12-07 13:31:43 | INFO | walk_forward_engine_hybrid_BTC | Trained new global model at idx 1937, retrain forced=True, regime_changed=True
2025-12-07 13:31:43 | INFO | walk_forward_engine_hybrid_BTC | Trained new global model at idx 2013, retrain forced=True, regime_changed=True
2025-12-07 13:31:43 | INFO | walk_forward_engine_hybrid_BTC | Trained new global model at idx 2015, retrain forced=True, regime_changed=True
2025-12-07 13:31:43 | INFO | walk_forward_engine_hybrid_BTC | Trained new global model at idx 2031, retrain forced=True, regime_changed=True
2025-12-07 13:31:43 | INFO | walk_forward_engine_hybrid_BTC | Trained new global model at idx 2032, retrain forced=True, regime_changed=True
2025-12-07 13:31:44 | INFO | walk_forward_engine_hybrid_BTC | Trained new global model at idx 2124, retrain forced=True, regime_changed=True
2025-12-07 13:31:44 | INFO | walk_forward_engine_hybrid_BTC | Trained new global model at idx 2137, retrain forced=True, regime_changed=True
2025-12-07 13:31:44 | INFO | walk_forward_engine_hybrid_BTC | Trained new global model at idx 2416, retrain forced=True, regime_changed=True
2025-12-07 13:31:44 | INFO | walk_forward_engine_hybrid_BTC | Trained new global model at idx 2417, retrain forced=True, regime_changed=True
2025-12-07 13:31:45 | INFO | walk_forward_engine_hybrid_BTC | Trained new global model at idx 2520, retrain forced=True, regime_changed=True
2025-12-07 13:31:45 | INFO | walk_forward_engine_hybrid_BTC | Trained new global model at idx 2528, retrain forced=True, regime_changed=True
2025-12-07 13:31:45 | INFO | walk_forward_engine_hybrid_BTC | Trained new global model at idx 2622, retrain forced=True, regime_changed=True
2025-12-07 13:31:45 | INFO | walk_forward_engine_hybrid_BTC | Trained new global model at idx 2623, retrain forced=True, regime_changed=True
2025-12-07 13:31:45 | INFO | walk_forward_engine_hybrid_BTC | Trained new global model at idx 2633, retrain forced=True, regime_changed=True
2025-12-07 13:31:45 | INFO | walk_forward_engine_hybrid_BTC | Trained new global model at idx 2635, retrain forced=True, regime_changed=True
2025-12-07 13:31:46 | INFO | walk_forward_engine_hybrid_BTC | Trained new global model at idx 2655, retrain forced=True, regime_changed=True
2025-12-07 13:31:46 | INFO | walk_forward_engine_hybrid_BTC | Trained new global model at idx 2658, retrain forced=True, regime_changed=True
2025-12-07 13:31:46 | INFO | walk_forward_engine_hybrid_BTC | Trained new global model at idx 2665, retrain forced=True, regime_changed=True
2025-12-07 13:31:46 | INFO | walk_forward_engine_hybrid_BTC | Trained new global model at idx 2666, retrain forced=True, regime_changed=True
2025-12-07 13:31:46 | INFO | walk_forward_engine_hybrid_BTC | Trained new global model at idx 2669, retrain forced=True, regime_changed=True
2025-12-07 13:31:46 | INFO | walk_forward_engine_hybrid_BTC | Trained new global model at idx 2673, retrain forced=True, regime_changed=True
2025-12-07 13:31:46 | INFO | walk_forward_engine_hybrid_BTC | Trained new global model at idx 2675, retrain forced=True, regime_changed=True
2025-12-07 13:31:46 | INFO | walk_forward_engine_hybrid_BTC | Trained new global model at idx 2681, retrain forced=True, regime_changed=True
2025-12-07 13:31:46 | INFO | walk_forward_engine_hybrid_BTC | Trained new global model at idx 2685, retrain forced=True, regime_changed=True
2025-12-07 13:31:47 | INFO | walk_forward_engine_hybrid_BTC | Trained new global model at idx 2691, retrain forced=True, regime_changed=True
2025-12-07 13:31:47 | INFO | walk_forward_engine_hybrid_BTC | Trained new global model at idx 2692, retrain forced=True, regime_changed=True
2025-12-07 13:31:47 | INFO | walk_forward_engine_hybrid_BTC | Trained new global model at idx 2704, retrain forced=True, regime_changed=True
2025-12-07 13:31:47 | INFO | walk_forward_engine_hybrid_BTC | Trained new global model at idx 2705, retrain forced=True, regime_changed=True
2025-12-07 13:31:47 | INFO | walk_forward_engine_hybrid_BTC | Trained new global model at idx 2706, retrain forced=True, regime_changed=True
2025-12-07 13:31:47 | INFO | walk_forward_engine_hybrid_BTC | Trained new global model at idx 2708, retrain forced=True, regime_changed=True
2025-12-07 13:31:47 | INFO | walk_forward_engine_hybrid_BTC | Trained new global model at idx 2733, retrain forced=True, regime_changed=True
2025-12-07 13:31:48 | INFO | walk_forward_engine_hybrid_BTC | Trained new global model at idx 2737, retrain forced=True, regime_changed=True
2025-12-07 13:31:48 | INFO | walk_forward_engine_hybrid_BTC | Trained new global model at idx 2742, retrain forced=True, regime_changed=True
2025-12-07 13:31:48 | INFO | walk_forward_engine_hybrid_BTC | Trained new global model at idx 2743, retrain forced=True, regime_changed=True
2025-12-07 13:31:48 | INFO | walk_forward_engine_hybrid_BTC | Trained new global model at idx 2751, retrain forced=True, regime_changed=True
2025-12-07 13:31:48 | INFO | walk_forward_engine_hybrid_BTC | Trained new global model at idx 2753, retrain forced=True, regime_changed=True
2025-12-07 13:31:48 | INFO | walk_forward_engine_hybrid_BTC | Trained new global model at idx 2762, retrain forced=True, regime_changed=True
2025-12-07 13:31:48 | INFO | walk_forward_engine_hybrid_BTC | Trained new global model at idx 2763, retrain forced=True, regime_changed=True
2025-12-07 13:31:48 | INFO | walk_forward_engine_hybrid_BTC | Trained new global model at idx 2768, retrain forced=True, regime_changed=True
2025-12-07 13:31:49 | INFO | walk_forward_engine_hybrid_BTC | Trained new global model at idx 2769, retrain forced=True, regime_changed=True
2025-12-07 13:31:49 | INFO | walk_forward_engine_hybrid_BTC | Trained new global model at idx 2810, retrain forced=True, regime_changed=True
2025-12-07 13:31:49 | INFO | walk_forward_engine_hybrid_BTC | Trained new global model at idx 2811, retrain forced=True, regime_changed=True
2025-12-07 13:31:49 | INFO | walk_forward_engine_hybrid_BTC | Trained new global model at idx 2822, retrain forced=True, regime_changed=True
2025-12-07 13:31:49 | INFO | walk_forward_engine_hybrid_BTC | Trained new global model at idx 2823, retrain forced=True, regime_changed=True
2025-12-07 13:31:49 | INFO | walk_forward_engine_hybrid_BTC | Trained new global model at idx 2829, retrain forced=True, regime_changed=True
2025-12-07 13:31:49 | INFO | walk_forward_engine_hybrid_BTC | Trained new global model at idx 2834, retrain forced=True, regime_changed=True
2025-12-07 13:31:50 | INFO | walk_forward_engine_hybrid_BTC | Trained new global model at idx 2839, retrain forced=True, regime_changed=True
2025-12-07 13:31:50 | INFO | walk_forward_engine_hybrid_BTC | Trained new global model at idx 2840, retrain forced=True, regime_changed=True
2025-12-07 13:31:50 | INFO | walk_forward_engine_hybrid_BTC | Trained new global model at idx 2843, retrain forced=True, regime_changed=True
2025-12-07 13:31:50 | INFO | walk_forward_engine_hybrid_BTC | Trained new global model at idx 2844, retrain forced=True, regime_changed=True
2025-12-07 13:31:50 | INFO | walk_forward_engine_hybrid_BTC | Trained new global model at idx 2866, retrain forced=True, regime_changed=True
2025-12-07 13:31:50 | INFO | walk_forward_engine_hybrid_BTC | Trained new global model at idx 2867, retrain forced=True, regime_changed=True
2025-12-07 13:31:50 | INFO | walk_forward_engine_hybrid_BTC | Trained new global model at idx 2870, retrain forced=True, regime_changed=True
2025-12-07 13:31:50 | INFO | walk_forward_engine_hybrid_BTC | Trained new global model at idx 2871, retrain forced=True, regime_changed=True
2025-12-07 13:31:51 | INFO | walk_forward_engine_hybrid_BTC | Trained new global model at idx 2878, retrain forced=True, regime_changed=True
2025-12-07 13:31:51 | INFO | walk_forward_engine_hybrid_BTC | Trained new global model at idx 2881, retrain forced=True, regime_changed=True
2025-12-07 13:31:51 | INFO | walk_forward_engine_hybrid_BTC | Trained new global model at idx 2887, retrain forced=True, regime_changed=True
2025-12-07 13:31:51 | INFO | walk_forward_engine_hybrid_BTC | Trained new global model at idx 2890, retrain forced=True, regime_changed=True
2025-12-07 13:31:51 | INFO | walk_forward_engine_hybrid_BTC | Trained new global model at idx 2893, retrain forced=True, regime_changed=True
2025-12-07 13:31:51 | INFO | walk_forward_engine_hybrid_BTC | Trained new global model at idx 2895, retrain forced=True, regime_changed=True
2025-12-07 13:31:51 | INFO | walk_forward_engine_hybrid_BTC | Trained new global model at idx 2916, retrain forced=True, regime_changed=True
2025-12-07 13:31:51 | INFO | walk_forward_engine_hybrid_BTC | Trained new global model at idx 2918, retrain forced=True, regime_changed=True
2025-12-07 13:31:52 | INFO | walk_forward_engine_hybrid_BTC | Trained new global model at idx 2927, retrain forced=True, regime_changed=True
2025-12-07 13:31:52 | INFO | walk_forward_engine_hybrid_BTC | Trained new global model at idx 2928, retrain forced=True, regime_changed=True
2025-12-07 13:31:52 | INFO | walk_forward_engine_hybrid_BTC | Trained new global model at idx 2951, retrain forced=True, regime_changed=True
2025-12-07 13:31:52 | INFO | walk_forward_engine_hybrid_BTC | Trained new global model at idx 2953, retrain forced=True, regime_changed=True
2025-12-07 13:31:52 | INFO | walk_forward_engine_hybrid_BTC | Trained new global model at idx 2963, retrain forced=True, regime_changed=True
2025-12-07 13:31:52 | INFO | walk_forward_engine_hybrid_BTC | Trained new global model at idx 2966, retrain forced=True, regime_changed=True
2025-12-07 13:31:52 | INFO | walk_forward_engine_hybrid_BTC | Trained new global model at idx 2976, retrain forced=True, regime_changed=True
2025-12-07 13:31:53 | INFO | walk_forward_engine_hybrid_BTC | Trained new global model at idx 2978, retrain forced=True, regime_changed=True
2025-12-07 13:31:53 | INFO | walk_forward_engine_hybrid_BTC | Trained new global model at idx 2996, retrain forced=True, regime_changed=True
2025-12-07 13:31:53 | INFO | walk_forward_engine_hybrid_BTC | Trained new global model at idx 2997, retrain forced=True, regime_changed=True
2025-12-07 13:31:53 | INFO | walk_forward_engine_hybrid_BTC | Trained new global model at idx 3011, retrain forced=True, regime_changed=True
2025-12-07 13:31:53 | INFO | walk_forward_engine_hybrid_BTC | Trained new global model at idx 3012, retrain forced=True, regime_changed=True
2025-12-07 13:31:53 | INFO | walk_forward_engine_hybrid_BTC | Trained new global model at idx 3015, retrain forced=True, regime_changed=True
2025-12-07 13:31:53 | INFO | walk_forward_engine_hybrid_BTC | Trained new global model at idx 3016, retrain forced=True, regime_changed=True
2025-12-07 13:31:54 | INFO | walk_forward_engine_hybrid_BTC | Trained new global model at idx 3018, retrain forced=True, regime_changed=True
2025-12-07 13:31:54 | INFO | walk_forward_engine_hybrid_BTC | Trained new global model at idx 3020, retrain forced=True, regime_changed=True
2025-12-07 13:31:54 | INFO | walk_forward_engine_hybrid_BTC | Trained new global model at idx 3040, retrain forced=True, regime_changed=True
2025-12-07 13:31:54 | INFO | walk_forward_engine_hybrid_BTC | Trained new global model at idx 3043, retrain forced=True, regime_changed=True
2025-12-07 13:31:54 | INFO | walk_forward_engine_hybrid_BTC | Trained new global model at idx 3047, retrain forced=True, regime_changed=True
2025-12-07 13:31:54 | INFO | walk_forward_engine_hybrid_BTC | Trained new global model at idx 3049, retrain forced=True, regime_changed=True
2025-12-07 13:31:54 | INFO | walk_forward_engine_hybrid_BTC | Trained new global model at idx 3060, retrain forced=True, regime_changed=True
2025-12-07 13:31:55 | INFO | walk_forward_engine_hybrid_BTC | Trained new global model at idx 3062, retrain forced=True, regime_changed=True
2025-12-07 13:31:55 | INFO | walk_forward_engine_hybrid_BTC | Trained new global model at idx 3067, retrain forced=True, regime_changed=True
2025-12-07 13:31:55 | INFO | walk_forward_engine_hybrid_BTC | Trained new global model at idx 3068, retrain forced=True, regime_changed=True
2025-12-07 13:31:55 | INFO | walk_forward_engine_hybrid_BTC | Trained new global model at idx 3069, retrain forced=True, regime_changed=True
2025-12-07 13:31:55 | INFO | walk_forward_engine_hybrid_BTC | Trained new global model at idx 3070, retrain forced=True, regime_changed=True
2025-12-07 13:31:55 | INFO | walk_forward_engine_hybrid_BTC | Trained new global model at idx 3074, retrain forced=True, regime_changed=True
2025-12-07 13:31:55 | INFO | walk_forward_engine_hybrid_BTC | Trained new global model at idx 3077, retrain forced=True, regime_changed=True
2025-12-07 13:31:56 | INFO | walk_forward_engine_hybrid_BTC | Trained new global model at idx 3088, retrain forced=True, regime_changed=True
2025-12-07 13:31:56 | INFO | walk_forward_engine_hybrid_BTC | Trained new global model at idx 3092, retrain forced=True, regime_changed=True
2025-12-07 13:31:56 | INFO | walk_forward_engine_hybrid_BTC | Trained new global model at idx 3095, retrain forced=True, regime_changed=True
2025-12-07 13:31:56 | INFO | walk_forward_engine_hybrid_BTC | Trained new global model at idx 3096, retrain forced=True, regime_changed=True
2025-12-07 13:31:56 | INFO | walk_forward_engine_hybrid_BTC | Trained new global model at idx 3099, retrain forced=True, regime_changed=True
2025-12-07 13:31:56 | INFO | walk_forward_engine_hybrid_BTC | Trained new global model at idx 3100, retrain forced=True, regime_changed=True
2025-12-07 13:31:56 | INFO | walk_forward_engine_hybrid_BTC | Trained new global model at idx 3105, retrain forced=True, regime_changed=True
2025-12-07 13:31:56 | INFO | walk_forward_engine_hybrid_BTC | Trained new global model at idx 3106, retrain forced=True, regime_changed=True
2025-12-07 13:31:57 | INFO | walk_forward_engine_hybrid_BTC | Trained new global model at idx 3109, retrain forced=True, regime_changed=True
2025-12-07 13:31:57 | INFO | walk_forward_engine_hybrid_BTC | Trained new global model at idx 3110, retrain forced=True, regime_changed=True
2025-12-07 13:31:57 | INFO | walk_forward_engine_hybrid_BTC | Trained new global model at idx 3113, retrain forced=True, regime_changed=True
2025-12-07 13:31:57 | INFO | walk_forward_engine_hybrid_BTC | Trained new global model at idx 3114, retrain forced=True, regime_changed=True
2025-12-07 13:31:57 | INFO | walk_forward_engine_hybrid_BTC | Trained new global model at idx 3125, retrain forced=True, regime_changed=True
2025-12-07 13:31:57 | INFO | walk_forward_engine_hybrid_BTC | Trained new global model at idx 3128, retrain forced=True, regime_changed=True
2025-12-07 13:31:57 | INFO | walk_forward_engine_hybrid_BTC | Trained new global model at idx 3130, retrain forced=True, regime_changed=True
2025-12-07 13:31:57 | INFO | walk_forward_engine_hybrid_BTC | Trained new global model at idx 3131, retrain forced=True, regime_changed=True
2025-12-07 13:31:58 | INFO | walk_forward_engine_hybrid_BTC | Trained new global model at idx 3132, retrain forced=True, regime_changed=True
2025-12-07 13:31:58 | INFO | walk_forward_engine_hybrid_BTC | Trained new global model at idx 3133, retrain forced=True, regime_changed=True
2025-12-07 13:31:58 | INFO | walk_forward_engine_hybrid_BTC | Trained new global model at idx 3144, retrain forced=True, regime_changed=True
2025-12-07 13:31:58 | INFO | walk_forward_engine_hybrid_BTC | Trained new global model at idx 3147, retrain forced=True, regime_changed=True
2025-12-07 13:31:58 | INFO | walk_forward_engine_hybrid_BTC | Trained new global model at idx 3229, retrain forced=True, regime_changed=True
2025-12-07 13:31:58 | INFO | walk_forward_engine_hybrid_BTC | Trained new global model at idx 3230, retrain forced=True, regime_changed=True
2025-12-07 13:31:59 | INFO | walk_forward_engine_hybrid_BTC | Trained new global model at idx 3250, retrain forced=True, regime_changed=True
2025-12-07 13:31:59 | INFO | walk_forward_engine_hybrid_BTC | Trained new global model at idx 3251, retrain forced=True, regime_changed=True
2025-12-07 13:31:59 | INFO | walk_forward_engine_hybrid_BTC | Trained new global model at idx 3263, retrain forced=True, regime_changed=True
2025-12-07 13:31:59 | INFO | walk_forward_engine_hybrid_BTC | Trained new global model at idx 3264, retrain forced=True, regime_changed=True
2025-12-07 13:32:00 | INFO | walk_forward_engine_hybrid_BTC | Trained new global model at idx 3556, retrain forced=True, regime_changed=True
2025-12-07 13:32:00 | INFO | walk_forward_engine_hybrid_BTC | Trained new global model at idx 3557, retrain forced=True, regime_changed=True
2025-12-07 13:32:00 | INFO | walk_forward_engine_hybrid_BTC | Trained new global model at idx 3564, retrain forced=True, regime_changed=True
2025-12-07 13:32:00 | INFO | walk_forward_engine_hybrid_BTC | Trained new global model at idx 3566, retrain forced=True, regime_changed=True
2025-12-07 13:32:00 | INFO | walk_forward_engine_hybrid_BTC | Trained new global model at idx 3581, retrain forced=True, regime_changed=True
2025-12-07 13:32:01 | INFO | walk_forward_engine_hybrid_BTC | Trained new global model at idx 3582, retrain forced=True, regime_changed=True
2025-12-07 13:32:01 | INFO | walk_forward_engine_hybrid_BTC | Trained new global model at idx 3591, retrain forced=True, regime_changed=True
2025-12-07 13:32:01 | INFO | walk_forward_engine_hybrid_BTC | Trained new global model at idx 3592, retrain forced=True, regime_changed=True
2025-12-07 13:32:01 | INFO | walk_forward_engine_hybrid_BTC | Trained new global model at idx 3594, retrain forced=True, regime_changed=True
2025-12-07 13:32:01 | INFO | walk_forward_engine_hybrid_BTC | Trained new global model at idx 3597, retrain forced=True, regime_changed=True
2025-12-07 13:32:01 | INFO | walk_forward_engine_hybrid_BTC | Trained new global model at idx 3609, retrain forced=True, regime_changed=True
2025-12-07 13:32:01 | INFO | walk_forward_engine_hybrid_BTC | Trained new global model at idx 3611, retrain forced=True, regime_changed=True
2025-12-07 13:32:02 | INFO | walk_forward_engine_hybrid_BTC | Trained new global model at idx 3613, retrain forced=True, regime_changed=True
2025-12-07 13:32:02 | INFO | walk_forward_engine_hybrid_BTC | Trained new global model at idx 3614, retrain forced=True, regime_changed=True
2025-12-07 13:32:02 | INFO | walk_forward_engine_hybrid_BTC | Trained new global model at idx 3627, retrain forced=True, regime_changed=True
2025-12-07 13:32:02 | INFO | walk_forward_engine_hybrid_BTC | Trained new global model at idx 3628, retrain forced=True, regime_changed=True
2025-12-07 13:32:02 | INFO | walk_forward_engine_hybrid_BTC | Trained new global model at idx 3644, retrain forced=True, regime_changed=True
2025-12-07 13:32:02 | INFO | walk_forward_engine_hybrid_BTC | Trained new global model at idx 3645, retrain forced=True, regime_changed=True
2025-12-07 13:32:03 | INFO | walk_forward_engine_hybrid_BTC | Trained new global model at idx 3678, retrain forced=True, regime_changed=True
2025-12-07 13:32:03 | INFO | walk_forward_engine_hybrid_BTC | Trained new global model at idx 3680, retrain forced=True, regime_changed=True
2025-12-07 13:32:03 | INFO | walk_forward_engine_hybrid_BTC | Trained new global model at idx 3684, retrain forced=True, regime_changed=True
2025-12-07 13:32:03 | INFO | walk_forward_engine_hybrid_BTC | Trained new global model at idx 3685, retrain forced=True, regime_changed=True
2025-12-07 13:32:03 | INFO | walk_forward_engine_hybrid_BTC | Trained new global model at idx 3687, retrain forced=True, regime_changed=True
2025-12-07 13:32:03 | INFO | walk_forward_engine_hybrid_BTC | Trained new global model at idx 3688, retrain forced=True, regime_changed=True
2025-12-07 13:32:03 | INFO | walk_forward_engine_hybrid_BTC | Trained new global model at idx 3690, retrain forced=True, regime_changed=True
2025-12-07 13:32:04 | INFO | walk_forward_engine_hybrid_BTC | Trained new global model at idx 3691, retrain forced=True, regime_changed=True
2025-12-07 13:32:04 | INFO | walk_forward_engine_hybrid_BTC | Trained new global model at idx 3694, retrain forced=True, regime_changed=True
2025-12-07 13:32:04 | INFO | walk_forward_engine_hybrid_BTC | Trained new global model at idx 3695, retrain forced=True, regime_changed=True
2025-12-07 13:32:04 | INFO | walk_forward_engine_hybrid_BTC | Trained new global model at idx 3721, retrain forced=True, regime_changed=True
2025-12-07 13:32:04 | INFO | walk_forward_engine_hybrid_BTC | Trained new global model at idx 3722, retrain forced=True, regime_changed=True
2025-12-07 13:32:04 | INFO | walk_forward_engine_hybrid_BTC | Trained new global model at idx 3727, retrain forced=True, regime_changed=True
2025-12-07 13:32:04 | INFO | walk_forward_engine_hybrid_BTC | Trained new global model at idx 3728, retrain forced=True, regime_changed=True
2025-12-07 13:32:05 | INFO | walk_forward_engine_hybrid_BTC | Trained new global model at idx 3736, retrain forced=True, regime_changed=True
2025-12-07 13:32:05 | INFO | walk_forward_engine_hybrid_BTC | Trained new global model at idx 3737, retrain forced=True, regime_changed=True
2025-12-07 13:32:05 | INFO | walk_forward_engine_hybrid_BTC | Saved trades to results\trades_hybrid_BTC.csv
2025-12-07 13:32:05 | INFO | walk_forward_engine_hybrid_BTC | Saved signals to results\signals_hybrid_BTC.csv
2025-12-07 13:32:05 | INFO | walk_forward_engine_hybrid_BTC | Saved equity curve to results\equity_curve_hybrid_BTC.csv
2025-12-07 13:32:05 | INFO | walk_forward_engine_hybrid_BTC | Saved backtest log to results\backtest_log_hybrid_BTC.json
2025-12-07 13:32:05 | INFO | walk_forward_engine_hybrid_BTC | ===== WALK-FORWARD BACKTEST ENGINE (HYBRID STRATEGY - BTC) FINISHED =====
